App 3596 output: /opt/cpanel/ea-ruby27/root/usr/share/passenger/helper-scripts/wsgi-loader.py:26: DeprecationWarning: the imp module is deprecated in favour of importlib; see the module's documentation for alternative uses
App 3596 output:   import sys, os, re, imp, threading, signal, traceback, socket, select, struct, logging, errno
App 14349 output: Rendering template
App 14349 output: This is your search term: swing chair
App 14349 output: This is your search term: hanging chair
App 14349 output: Original value of cell is: stand uk
App 14349 output: Changed input is : stand
App 14349 output: This is your search term: swing
App 14349 output: This is your search term: egg swing
App 14349 output: This is your search term: egg chair
App 14349 output: This is your search term: hanging chair
App 13203 output: /opt/cpanel/ea-ruby27/root/usr/share/passenger/helper-scripts/wsgi-loader.py:26: DeprecationWarning: the imp module is deprecated in favour of importlib; see the module's documentation for alternative uses
App 13203 output:   import sys, os, re, imp, threading, signal, traceback, socket, select, struct, logging, errno
App 14349 output: Rendering template
App 14349 output: Rendering template
App 14349 output: This is your search term: electric fence
App 14349 output: Original value of cell is: Pinterest
App 14349 output: Changed input is : Pinterest
App 14349 output: Rendering template
App 14349 output: Rendering template
App 14349 output: Rendering template
App 14349 output: Original value of cell is: solar
App 14349 output: Changed input is : solar
App 14349 output: Original value of cell is: solar powered
App 14349 output: Changed input is : "solar powered"
App 14349 output: Original value of cell is: solar energizer for
App 14349 output: Changed input is : "solar energizer for"
App 14349 output: Original value of cell is: energiser solar powered
App 14349 output: Changed input is : "energiser solar powered"
App 14349 output: Original value of cell is: solar energizer
App 14349 output: Changed input is : "solar energizer"
App 14349 output: Original value of cell is: Free
App 14349 output: Changed input is : Free
App 14349 output: Rendering template
App 14349 output: This is your search term: electric fence battery
App 14349 output: Rendering template
App 14349 output: This is your search term: 12v electric fence energiser
App 14349 output: Rendering template
App 14349 output: This is your search term: in water
App 14349 output: Original value of cell is: fence
App 14349 output: Changed input is : [fence in water]
App 14349 output: Rendering template
App 14349 output: This is your search term: fence
App 3161 output: /opt/cpanel/ea-ruby27/root/usr/share/passenger/helper-scripts/wsgi-loader.py:26: DeprecationWarning: the imp module is deprecated in favour of importlib; see the module's documentation for alternative uses
App 3161 output:   import sys, os, re, imp, threading, signal, traceback, socket, select, struct, logging, errno
App 14349 output: Original value of cell is: electric
App 14349 output: Changed input is : fence
App 14349 output: This is your search term: energiser
App 14349 output: Original value of cell is: fence
App 14349 output: Changed input is : 
App 14349 output: Rendering template
App 14349 output: Original value of cell is: electric
App 14349 output: Changed input is : "fence"
App 14349 output: This is your search term: saws
App 14349 output: Original value of cell is: "fence"
App 14349 output: Changed input is : [fence]
App 14349 output: Rendering template
App 14349 output: Rendering template
App 14349 output: This is your search term: electric fence energiser 12v battery
App 14349 output: This is your search term: fence energiser
App 14349 output: Rendering template
App 14349 output: This is your search term: battery energiser
App 14349 output: Rendering template
App 14349 output: Rendering template
App 14349 output: This is your search term: 
App 14349 output: Original value of cell is: e
App 14349 output: Changed input is : e
App 14349 output: Rendering template
App 14349 output: Original value of cell is: f
App 14349 output: Changed input is : [fence
App 14349 output: Original value of cell is: f
App 14349 output: Changed input is : [fence]
App 14349 output: This is your search term: 
App 14349 output: Original value of cell is: s
App 14349 output: Changed input is : [Fence]
App 6799 output: /opt/cpanel/ea-ruby27/root/usr/share/passenger/helper-scripts/wsgi-loader.py:26: DeprecationWarning: the imp module is deprecated in favour of importlib; see the module's documentation for alternative uses
App 6799 output:   import sys, os, re, imp, threading, signal, traceback, socket, select, struct, logging, errno
App 3161 output: Rendering template
App 3161 output: Original value of cell is: f
App 3161 output: Changed input is : [Fence]
App 3161 output: Rendering template
App 3161 output: Original value of cell is: solar powered
App 3161 output: Changed input is : "solar powered"
App 3161 output: This is your search term: electric fence battery
App 3161 output: Rendering template
App 3161 output: This is your search term: fence energiser
App 3161 output: This is your search term: 
App 3161 output: Original value of cell is: e
App 3161 output: Changed input is : [water fence]
App 3161 output: Rendering template
App 3161 output: Original value of cell is: e
App 3161 output: Changed input is : [Fence in water]
App 3161 output: Rendering template
App 3161 output: This is your search term: battery energizer for electric fence
App 3161 output: Rendering template
App 3161 output: Rendering template
App 3161 output: Original value of cell is: o
App 3161 output: Changed input is : [oven]
App 3161 output: Rendering template
App 3161 output: Original value of cell is: single deck
App 3161 output: Changed input is : "single deck"
App 3161 output: Rendering template
App 3161 output: Original value of cell is: stone
App 3161 output: Changed input is : [commercial pizza oven stone]
App 3161 output: Rendering template
App 3161 output: Original value of cell is: p
App 3161 output: Changed input is : "pizza oven stone"
App 3161 output: Rendering template
App 3161 output: Original value of cell is: e
App 3161 output: Changed input is : 3 deck oven
App 3161 output: This is your search term: 
App 3161 output: Original value of cell is: 3 deck oven
App 3161 output: Changed input is : "3 deck oven"
App 3161 output: This is your search term: 
App 3161 output: Original value of cell is: p
App 3161 output: Changed input is : deck chair
App 3161 output: This is your search term: 
App 3161 output: Original value of cell is: deck chair
App 3161 output: Changed input is : "deck chair"
App 3161 output: Rendering template
App 3161 output: Original value of cell is: o
App 3161 output: Changed input is : "3 deck"
App 3161 output: Rendering template
App 3161 output: This is your search term: [oven]
App 3161 output: Original value of cell is: "home Made"
App 3161 output: Changed input is : "home Made"
App 3161 output: This is your search term: 
App 3161 output: Original value of cell is: o
App 3161 output: Changed input is : [oven]
App 3797010 output: /opt/cpanel/ea-ruby27/root/usr/share/passenger/helper-scripts/wsgi-loader.py:26: DeprecationWarning: the imp module is deprecated in favour of importlib; see the module's documentation for alternative uses
App 3797010 output:   import sys, os, re, imp, threading, signal, traceback, socket, select, struct, logging, errno
App 6799 output: Rendering template
App 6799 output: This is your search term: 
App 3797010 output: Original value of cell is: p
App 3797010 output: Changed input is : [peeler]
App 6799 output: This is your search term: 
App 6799 output: Original value of cell is: p
App 6799 output: Changed input is : [peeler]
App 6799 output: [ pid=6799, time=2021-06-30 11:12:16,195 ]: Exception on /keywords [POST]
App 6799 output: Traceback (most recent call last):
App 6799 output:   File "/home/developers/virtualenv/KeywordTool/3.8/lib/python3.8/site-packages/flask/app.py", line 2070, in wsgi_app
App 6799 output:     response = self.full_dispatch_request()
App 6799 output:   File "/home/developers/virtualenv/KeywordTool/3.8/lib/python3.8/site-packages/flask/app.py", line 1515, in full_dispatch_request
App 6799 output:     rv = self.handle_user_exception(e)
App 6799 output:   File "/home/developers/virtualenv/KeywordTool/3.8/lib/python3.8/site-packages/flask/app.py", line 1513, in full_dispatch_request
App 6799 output:     rv = self.dispatch_request()
App 6799 output:   File "/home/developers/virtualenv/KeywordTool/3.8/lib/python3.8/site-packages/flask/app.py", line 1499, in dispatch_request
App 6799 output:     return self.ensure_sync(self.view_functions[rule.endpoint])(**req.view_args)
App 6799 output:   File "app2.py", line 151, in keywords
App 6799 output:     remaining_words = data.where(~data.str.fullmatch(word_to_add)).dropna()
App 6799 output:   File "/home/developers/virtualenv/KeywordTool/3.8/lib/python3.8/site-packages/pandas/core/generic.py", line 1436, in __invert__
App 6799 output:     new_data = self._mgr.apply(operator.invert)
App 6799 output:   File "/home/developers/virtualenv/KeywordTool/3.8/lib/python3.8/site-packages/pandas/core/internals/managers.py", line 425, in apply
App 6799 output:     applied = b.apply(f, **kwargs)
App 6799 output:   File "/home/developers/virtualenv/KeywordTool/3.8/lib/python3.8/site-packages/pandas/core/internals/blocks.py", line 378, in apply
App 6799 output:     result = func(self.values, **kwargs)
App 6799 output: TypeError: bad operand type for unary ~: 'float'
App 6799 output: [ pid=6799, time=2021-06-30 11:12:25,489 ]: Exception on /keywords [POST]
App 6799 output: Traceback (most recent call last):
App 6799 output:   File "/home/developers/virtualenv/KeywordTool/3.8/lib/python3.8/site-packages/flask/app.py", line 2070, in wsgi_app
App 6799 output:     response = self.full_dispatch_request()
App 6799 output:   File "/home/developers/virtualenv/KeywordTool/3.8/lib/python3.8/site-packages/flask/app.py", line 1515, in full_dispatch_request
App 6799 output:     rv = self.handle_user_exception(e)
App 6799 output:   File "/home/developers/virtualenv/KeywordTool/3.8/lib/python3.8/site-packages/flask/app.py", line 1513, in full_dispatch_request
App 6799 output:     rv = self.dispatch_request()
App 6799 output:   File "/home/developers/virtualenv/KeywordTool/3.8/lib/python3.8/site-packages/flask/app.py", line 1499, in dispatch_request
App 6799 output:     return self.ensure_sync(self.view_functions[rule.endpoint])(**req.view_args)
App 6799 output:   File "app2.py", line 151, in keywords
App 6799 output:     remaining_words = data.where(~data.str.fullmatch(word_to_add)).dropna()
App 6799 output:   File "/home/developers/virtualenv/KeywordTool/3.8/lib/python3.8/site-packages/pandas/core/generic.py", line 1436, in __invert__
App 6799 output:     new_data = self._mgr.apply(operator.invert)
App 6799 output:   File "/home/developers/virtualenv/KeywordTool/3.8/lib/python3.8/site-packages/pandas/core/internals/managers.py", line 425, in apply
App 6799 output:     applied = b.apply(f, **kwargs)
App 6799 output:   File "/home/developers/virtualenv/KeywordTool/3.8/lib/python3.8/site-packages/pandas/core/internals/blocks.py", line 378, in apply
App 6799 output:     result = func(self.values, **kwargs)
App 6799 output: TypeError: bad operand type for unary ~: 'float'
App 6799 output: [ pid=6799, time=2021-06-30 11:12:28,217 ]: Exception on /keywords [POST]
App 6799 output: Traceback (most recent call last):
App 6799 output:   File "/home/developers/virtualenv/KeywordTool/3.8/lib/python3.8/site-packages/flask/app.py", line 2070, in wsgi_app
App 6799 output:     response = self.full_dispatch_request()
App 6799 output:   File "/home/developers/virtualenv/KeywordTool/3.8/lib/python3.8/site-packages/flask/app.py", line 1515, in full_dispatch_request
App 6799 output:     rv = self.handle_user_exception(e)
App 6799 output:   File "/home/developers/virtualenv/KeywordTool/3.8/lib/python3.8/site-packages/flask/app.py", line 1513, in full_dispatch_request
App 6799 output:     rv = self.dispatch_request()
App 6799 output:   File "/home/developers/virtualenv/KeywordTool/3.8/lib/python3.8/site-packages/flask/app.py", line 1499, in dispatch_request
App 6799 output:     return self.ensure_sync(self.view_functions[rule.endpoint])(**req.view_args)
App 6799 output:   File "app2.py", line 151, in keywords
App 6799 output:     remaining_words = data.where(~data.str.fullmatch(word_to_add)).dropna()
App 6799 output:   File "/home/developers/virtualenv/KeywordTool/3.8/lib/python3.8/site-packages/pandas/core/generic.py", line 1436, in __invert__
App 6799 output:     new_data = self._mgr.apply(operator.invert)
App 6799 output:   File "/home/developers/virtualenv/KeywordTool/3.8/lib/python3.8/site-packages/pandas/core/internals/managers.py", line 425, in apply
App 6799 output:     applied = b.apply(f, **kwargs)
App 6799 output:   File "/home/developers/virtualenv/KeywordTool/3.8/lib/python3.8/site-packages/pandas/core/internals/blocks.py", line 378, in apply
App 6799 output:     result = func(self.values, **kwargs)
App 6799 output: TypeError: bad operand type for unary ~: 'float'
App 6799 output: [ pid=6799, time=2021-06-30 11:12:31,593 ]: Exception on /keywords [POST]
App 6799 output: Traceback (most recent call last):
App 6799 output:   File "/home/developers/virtualenv/KeywordTool/3.8/lib/python3.8/site-packages/flask/app.py", line 2070, in wsgi_app
App 6799 output:     response = self.full_dispatch_request()
App 6799 output:   File "/home/developers/virtualenv/KeywordTool/3.8/lib/python3.8/site-packages/flask/app.py", line 1515, in full_dispatch_request
App 6799 output:     rv = self.handle_user_exception(e)
App 6799 output:   File "/home/developers/virtualenv/KeywordTool/3.8/lib/python3.8/site-packages/flask/app.py", line 1513, in full_dispatch_request
App 6799 output:     rv = self.dispatch_request()
App 6799 output:   File "/home/developers/virtualenv/KeywordTool/3.8/lib/python3.8/site-packages/flask/app.py", line 1499, in dispatch_request
App 6799 output:     return self.ensure_sync(self.view_functions[rule.endpoint])(**req.view_args)
App 6799 output:   File "app2.py", line 151, in keywords
App 6799 output:     remaining_words = data.where(~data.str.fullmatch(word_to_add)).dropna()
App 6799 output:   File "/home/developers/virtualenv/KeywordTool/3.8/lib/python3.8/site-packages/pandas/core/generic.py", line 1436, in __invert__
App 6799 output:     new_data = self._mgr.apply(operator.invert)
App 6799 output:   File "/home/developers/virtualenv/KeywordTool/3.8/lib/python3.8/site-packages/pandas/core/internals/managers.py", line 425, in apply
App 6799 output:     applied = b.apply(f, **kwargs)
App 6799 output:   File "/home/developers/virtualenv/KeywordTool/3.8/lib/python3.8/site-packages/pandas/core/internals/blocks.py", line 378, in apply
App 6799 output:     result = func(self.values, **kwargs)
App 6799 output: TypeError: bad operand type for unary ~: 'float'
App 6799 output: This is your search term: industrial potato peeler
App 6799 output: [ pid=6799, time=2021-06-30 11:12:48,290 ]: Exception on /keywords [POST]
App 6799 output: Traceback (most recent call last):
App 6799 output:   File "/home/developers/virtualenv/KeywordTool/3.8/lib/python3.8/site-packages/flask/app.py", line 2070, in wsgi_app
App 6799 output:     response = self.full_dispatch_request()
App 6799 output:   File "/home/developers/virtualenv/KeywordTool/3.8/lib/python3.8/site-packages/flask/app.py", line 1515, in full_dispatch_request
App 6799 output:     rv = self.handle_user_exception(e)
App 6799 output:   File "/home/developers/virtualenv/KeywordTool/3.8/lib/python3.8/site-packages/flask/app.py", line 1513, in full_dispatch_request
App 6799 output:     rv = self.dispatch_request()
App 6799 output:   File "/home/developers/virtualenv/KeywordTool/3.8/lib/python3.8/site-packages/flask/app.py", line 1499, in dispatch_request
App 6799 output:     return self.ensure_sync(self.view_functions[rule.endpoint])(**req.view_args)
App 6799 output:   File "app2.py", line 151, in keywords
App 6799 output:     remaining_words = data.where(~data.str.fullmatch(word_to_add)).dropna()
App 6799 output:   File "/home/developers/virtualenv/KeywordTool/3.8/lib/python3.8/site-packages/pandas/core/generic.py", line 1436, in __invert__
App 6799 output:     new_data = self._mgr.apply(operator.invert)
App 6799 output:   File "/home/developers/virtualenv/KeywordTool/3.8/lib/python3.8/site-packages/pandas/core/internals/managers.py", line 425, in apply
App 6799 output:     applied = b.apply(f, **kwargs)
App 6799 output:   File "/home/developers/virtualenv/KeywordTool/3.8/lib/python3.8/site-packages/pandas/core/internals/blocks.py", line 378, in apply
App 6799 output:     result = func(self.values, **kwargs)
App 6799 output: TypeError: bad operand type for unary ~: 'float'
App 6799 output: [ pid=6799, time=2021-06-30 11:13:04,493 ]: Exception on /keywords [POST]
App 6799 output: Traceback (most recent call last):
App 6799 output:   File "/home/developers/virtualenv/KeywordTool/3.8/lib/python3.8/site-packages/flask/app.py", line 2070, in wsgi_app
App 6799 output:     response = self.full_dispatch_request()
App 6799 output:   File "/home/developers/virtualenv/KeywordTool/3.8/lib/python3.8/site-packages/flask/app.py", line 1515, in full_dispatch_request
App 6799 output:     rv = self.handle_user_exception(e)
App 6799 output:   File "/home/developers/virtualenv/KeywordTool/3.8/lib/python3.8/site-packages/flask/app.py", line 1513, in full_dispatch_request
App 6799 output:     rv = self.dispatch_request()
App 6799 output:   File "/home/developers/virtualenv/KeywordTool/3.8/lib/python3.8/site-packages/flask/app.py", line 1499, in dispatch_request
App 6799 output:     return self.ensure_sync(self.view_functions[rule.endpoint])(**req.view_args)
App 6799 output:   File "app2.py", line 151, in keywords
App 6799 output:     remaining_words = data.where(~data.str.fullmatch(word_to_add)).dropna()
App 6799 output:   File "/home/developers/virtualenv/KeywordTool/3.8/lib/python3.8/site-packages/pandas/core/generic.py", line 1436, in __invert__
App 6799 output:     new_data = self._mgr.apply(operator.invert)
App 6799 output:   File "/home/developers/virtualenv/KeywordTool/3.8/lib/python3.8/site-packages/pandas/core/internals/managers.py", line 425, in apply
App 6799 output:     applied = b.apply(f, **kwargs)
App 6799 output:   File "/home/developers/virtualenv/KeywordTool/3.8/lib/python3.8/site-packages/pandas/core/internals/blocks.py", line 378, in apply
App 6799 output:     result = func(self.values, **kwargs)
App 6799 output: TypeError: bad operand type for unary ~: 'float'
App 6799 output: [ pid=6799, time=2021-06-30 11:13:27,971 ]: Exception on /keywords [POST]
App 6799 output: Traceback (most recent call last):
App 6799 output:   File "/home/developers/virtualenv/KeywordTool/3.8/lib/python3.8/site-packages/flask/app.py", line 2070, in wsgi_app
App 6799 output:     response = self.full_dispatch_request()
App 6799 output:   File "/home/developers/virtualenv/KeywordTool/3.8/lib/python3.8/site-packages/flask/app.py", line 1515, in full_dispatch_request
App 6799 output:     rv = self.handle_user_exception(e)
App 6799 output:   File "/home/developers/virtualenv/KeywordTool/3.8/lib/python3.8/site-packages/flask/app.py", line 1513, in full_dispatch_request
App 6799 output:     rv = self.dispatch_request()
App 6799 output:   File "/home/developers/virtualenv/KeywordTool/3.8/lib/python3.8/site-packages/flask/app.py", line 1499, in dispatch_request
App 6799 output:     return self.ensure_sync(self.view_functions[rule.endpoint])(**req.view_args)
App 6799 output:   File "app2.py", line 151, in keywords
App 6799 output:     remaining_words = data.where(~data.str.fullmatch(word_to_add)).dropna()
App 6799 output:   File "/home/developers/virtualenv/KeywordTool/3.8/lib/python3.8/site-packages/pandas/core/generic.py", line 1436, in __invert__
App 6799 output:     new_data = self._mgr.apply(operator.invert)
App 6799 output:   File "/home/developers/virtualenv/KeywordTool/3.8/lib/python3.8/site-packages/pandas/core/internals/managers.py", line 425, in apply
App 6799 output:     applied = b.apply(f, **kwargs)
App 6799 output:   File "/home/developers/virtualenv/KeywordTool/3.8/lib/python3.8/site-packages/pandas/core/internals/blocks.py", line 378, in apply
App 6799 output:     result = func(self.values, **kwargs)
App 6799 output: TypeError: bad operand type for unary ~: 'float'
App 6799 output: [ pid=6799, time=2021-06-30 11:14:32,898 ]: Exception on /keywords [POST]
App 6799 output: Traceback (most recent call last):
App 6799 output:   File "/home/developers/virtualenv/KeywordTool/3.8/lib/python3.8/site-packages/flask/app.py", line 2070, in wsgi_app
App 6799 output:     response = self.full_dispatch_request()
App 6799 output:   File "/home/developers/virtualenv/KeywordTool/3.8/lib/python3.8/site-packages/flask/app.py", line 1515, in full_dispatch_request
App 6799 output:     rv = self.handle_user_exception(e)
App 6799 output:   File "/home/developers/virtualenv/KeywordTool/3.8/lib/python3.8/site-packages/flask/app.py", line 1513, in full_dispatch_request
App 6799 output:     rv = self.dispatch_request()
App 6799 output:   File "/home/developers/virtualenv/KeywordTool/3.8/lib/python3.8/site-packages/flask/app.py", line 1499, in dispatch_request
App 6799 output:     return self.ensure_sync(self.view_functions[rule.endpoint])(**req.view_args)
App 6799 output:   File "app2.py", line 151, in keywords
App 6799 output:     remaining_words = data.where(~data.str.fullmatch(word_to_add)).dropna()
App 6799 output:   File "/home/developers/virtualenv/KeywordTool/3.8/lib/python3.8/site-packages/pandas/core/generic.py", line 1436, in __invert__
App 6799 output:     new_data = self._mgr.apply(operator.invert)
App 6799 output:   File "/home/developers/virtualenv/KeywordTool/3.8/lib/python3.8/site-packages/pandas/core/internals/managers.py", line 425, in apply
App 6799 output:     applied = b.apply(f, **kwargs)
App 6799 output:   File "/home/developers/virtualenv/KeywordTool/3.8/lib/python3.8/site-packages/pandas/core/internals/blocks.py", line 378, in apply
App 6799 output:     result = func(self.values, **kwargs)
App 6799 output: TypeError: bad operand type for unary ~: 'float'
App 6799 output: Rendering template
App 6799 output: Rendering template
App 6799 output: Rendering template
App 6799 output: Original value of cell is: c
App 6799 output: Changed input is : [cotton candy]
App 6799 output: This is your search term: 
App 6799 output: Original value of cell is: c
App 6799 output: Changed input is : [cart candy]
App 6799 output: Rendering template
App 6799 output: Original value of cell is: i
App 6799 output: Changed input is : [candy dome]
App 6799 output: This is your search term: 
App 6799 output: Original value of cell is: c
App 6799 output: Changed input is : [cotton candy ebay]
App 6799 output: This is your search term: 
App 6799 output: Original value of cell is: c
App 6799 output: Changed input is : 
App 6799 output: Original value of cell is: i
App 6799 output: Changed input is : [commercial candy]
App 6799 output: This is your search term: commercial candy floss machine
App 6799 output: Rendering template
App 6799 output: Original value of cell is: sugar for
App 6799 output: Changed input is : "sugar for"
App 6799 output: This is your search term: 
App 6799 output: Original value of cell is: c
App 6799 output: Changed input is : [cotton maker]
